Analysis & Synthesis report for Bit_Serial_Processor
Sun Sep 11 15:08:34 2016
Quartus II 64-Bit Version 15.0.0 Build 145 04/22/2015 SJ Web Edition


---------------------
; Table of Contents ;
---------------------
  1. Legal Notice
  2. Analysis & Synthesis Summary
  3. Analysis & Synthesis Settings
  4. Parallel Compilation
  5. Analysis & Synthesis Source Files Read
  6. Analysis & Synthesis Resource Usage Summary
  7. Analysis & Synthesis Resource Utilization by Entity
  8. State Machine - |Bit_Serial_Processor|testbench_8:test0|Processor:processor0|control:control_unit|curr_state
  9. Registers Removed During Synthesis
 10. General Register Statistics
 11. Port Connectivity Checks: "testbench_8:test0|Processor:processor0"
 12. Post-Synthesis Netlist Statistics for Top Partition
 13. Elapsed Time Per Partition
 14. Analysis & Synthesis Messages
 15. Analysis & Synthesis Suppressed Messages



----------------
; Legal Notice ;
----------------
Copyright (C) 1991-2015 Altera Corporation. All rights reserved.
Your use of Altera Corporation's design tools, logic functions 
and other software and tools, and its AMPP partner logic 
functions, and any output files from any of the foregoing 
(including device programming or simulation files), and any 
associated documentation or information are expressly subject 
to the terms and conditions of the Altera Program License 
Subscription Agreement, the Altera Quartus II License Agreement,
the Altera MegaCore Function License Agreement, or other 
applicable license agreement, including, without limitation, 
that your use is for the sole purpose of programming logic 
devices manufactured by Altera and sold by Altera or its 
authorized distributors.  Please refer to the applicable 
agreement for further details.



+---------------------------------------------------------------------------------+
; Analysis & Synthesis Summary                                                    ;
+------------------------------------+--------------------------------------------+
; Analysis & Synthesis Status        ; Successful - Sun Sep 11 15:08:34 2016      ;
; Quartus II 64-Bit Version          ; 15.0.0 Build 145 04/22/2015 SJ Web Edition ;
; Revision Name                      ; Bit_Serial_Processor                       ;
; Top-level Entity Name              ; Bit_Serial_Processor                       ;
; Family                             ; Cyclone IV E                               ;
; Total logic elements               ; 0                                          ;
;     Total combinational functions  ; 0                                          ;
;     Dedicated logic registers      ; 0                                          ;
; Total registers                    ; 0                                          ;
; Total pins                         ; 58                                         ;
; Total virtual pins                 ; 0                                          ;
; Total memory bits                  ; 0                                          ;
; Embedded Multiplier 9-bit elements ; 0                                          ;
; Total PLLs                         ; 0                                          ;
+------------------------------------+--------------------------------------------+


+--------------------------------------------------------------------------------------------------------------------------+
; Analysis & Synthesis Settings                                                                                            ;
+----------------------------------------------------------------------------+----------------------+----------------------+
; Option                                                                     ; Setting              ; Default Value        ;
+----------------------------------------------------------------------------+----------------------+----------------------+
; Device                                                                     ; EP4CE115F29C7        ;                      ;
; Top-level entity name                                                      ; Bit_Serial_Processor ; Bit_Serial_Processor ;
; Family name                                                                ; Cyclone IV E         ; Cyclone V            ;
; Use smart compilation                                                      ; Off                  ; Off                  ;
; Enable parallel Assembler and TimeQuest Timing Analyzer during compilation ; On                   ; On                   ;
; Enable compact report table                                                ; Off                  ; Off                  ;
; Restructure Multiplexers                                                   ; Auto                 ; Auto                 ;
; Create Debugging Nodes for IP Cores                                        ; Off                  ; Off                  ;
; Preserve fewer node names                                                  ; On                   ; On                   ;
; Disable OpenCore Plus hardware evaluation                                  ; Off                  ; Off                  ;
; Verilog Version                                                            ; Verilog_2001         ; Verilog_2001         ;
; VHDL Version                                                               ; VHDL_1993            ; VHDL_1993            ;
; State Machine Processing                                                   ; Auto                 ; Auto                 ;
; Safe State Machine                                                         ; Off                  ; Off                  ;
; Extract Verilog State Machines                                             ; On                   ; On                   ;
; Extract VHDL State Machines                                                ; On                   ; On                   ;
; Ignore Verilog initial constructs                                          ; Off                  ; Off                  ;
; Iteration limit for constant Verilog loops                                 ; 5000                 ; 5000                 ;
; Iteration limit for non-constant Verilog loops                             ; 250                  ; 250                  ;
; Add Pass-Through Logic to Inferred RAMs                                    ; On                   ; On                   ;
; Infer RAMs from Raw Logic                                                  ; On                   ; On                   ;
; Parallel Synthesis                                                         ; On                   ; On                   ;
; DSP Block Balancing                                                        ; Auto                 ; Auto                 ;
; NOT Gate Push-Back                                                         ; On                   ; On                   ;
; Power-Up Don't Care                                                        ; On                   ; On                   ;
; Remove Redundant Logic Cells                                               ; Off                  ; Off                  ;
; Remove Duplicate Registers                                                 ; On                   ; On                   ;
; Ignore CARRY Buffers                                                       ; Off                  ; Off                  ;
; Ignore CASCADE Buffers                                                     ; Off                  ; Off                  ;
; Ignore GLOBAL Buffers                                                      ; Off                  ; Off                  ;
; Ignore ROW GLOBAL Buffers                                                  ; Off                  ; Off                  ;
; Ignore LCELL Buffers                                                       ; Off                  ; Off                  ;
; Ignore SOFT Buffers                                                        ; On                   ; On                   ;
; Limit AHDL Integers to 32 Bits                                             ; Off                  ; Off                  ;
; Optimization Technique                                                     ; Balanced             ; Balanced             ;
; Carry Chain Length                                                         ; 70                   ; 70                   ;
; Auto Carry Chains                                                          ; On                   ; On                   ;
; Auto Open-Drain Pins                                                       ; On                   ; On                   ;
; Perform WYSIWYG Primitive Resynthesis                                      ; Off                  ; Off                  ;
; Auto ROM Replacement                                                       ; On                   ; On                   ;
; Auto RAM Replacement                                                       ; On                   ; On                   ;
; Auto DSP Block Replacement                                                 ; On                   ; On                   ;
; Auto Shift Register Replacement                                            ; Auto                 ; Auto                 ;
; Allow Shift Register Merging across Hierarchies                            ; Auto                 ; Auto                 ;
; Auto Clock Enable Replacement                                              ; On                   ; On                   ;
; Strict RAM Replacement                                                     ; Off                  ; Off                  ;
; Allow Synchronous Control Signals                                          ; On                   ; On                   ;
; Force Use of Synchronous Clear Signals                                     ; Off                  ; Off                  ;
; Auto RAM Block Balancing                                                   ; On                   ; On                   ;
; Auto RAM to Logic Cell Conversion                                          ; Off                  ; Off                  ;
; Auto Resource Sharing                                                      ; Off                  ; Off                  ;
; Allow Any RAM Size For Recognition                                         ; Off                  ; Off                  ;
; Allow Any ROM Size For Recognition                                         ; Off                  ; Off                  ;
; Allow Any Shift Register Size For Recognition                              ; Off                  ; Off                  ;
; Use LogicLock Constraints during Resource Balancing                        ; On                   ; On                   ;
; Ignore translate_off and synthesis_off directives                          ; Off                  ; Off                  ;
; Timing-Driven Synthesis                                                    ; On                   ; On                   ;
; Report Parameter Settings                                                  ; On                   ; On                   ;
; Report Source Assignments                                                  ; On                   ; On                   ;
; Report Connectivity Checks                                                 ; On                   ; On                   ;
; Ignore Maximum Fan-Out Assignments                                         ; Off                  ; Off                  ;
; Synchronization Register Chain Length                                      ; 2                    ; 2                    ;
; PowerPlay Power Optimization During Synthesis                              ; Normal compilation   ; Normal compilation   ;
; HDL message level                                                          ; Level2               ; Level2               ;
; Suppress Register Optimization Related Messages                            ; Off                  ; Off                  ;
; Number of Removed Registers Reported in Synthesis Report                   ; 5000                 ; 5000                 ;
; Number of Swept Nodes Reported in Synthesis Report                         ; 5000                 ; 5000                 ;
; Number of Inverted Registers Reported in Synthesis Report                  ; 100                  ; 100                  ;
; Clock MUX Protection                                                       ; On                   ; On                   ;
; Auto Gated Clock Conversion                                                ; Off                  ; Off                  ;
; Block Design Naming                                                        ; Auto                 ; Auto                 ;
; SDC constraint protection                                                  ; Off                  ; Off                  ;
; Synthesis Effort                                                           ; Auto                 ; Auto                 ;
; Shift Register Replacement - Allow Asynchronous Clear Signal               ; On                   ; On                   ;
; Pre-Mapping Resynthesis Optimization                                       ; Off                  ; Off                  ;
; Analysis & Synthesis Message Level                                         ; Medium               ; Medium               ;
; Disable Register Merging Across Hierarchies                                ; Auto                 ; Auto                 ;
; Resource Aware Inference For Block RAM                                     ; On                   ; On                   ;
; Synthesis Seed                                                             ; 1                    ; 1                    ;
+----------------------------------------------------------------------------+----------------------+----------------------+


Parallel compilation was disabled, but you have multiple processors available. Enable parallel compilation to reduce compilation time.
+-------------------------------------+
; Parallel Compilation                ;
+----------------------------+--------+
; Processors                 ; Number ;
+----------------------------+--------+
; Number detected on machine ; 2      ;
; Maximum allowed            ; 1      ;
+----------------------------+--------+


+--------------------------------------------------------------------------------------------------------------------------------------------------------------------------------------------------+
; Analysis & Synthesis Source Files Read                                                                                                                                                           ;
+----------------------------------+-----------------+------------------------------+----------------------------------------------------------------------------------------------------+---------+
; File Name with User-Entered Path ; Used in Netlist ; File Type                    ; File Name with Absolute Path                                                                       ; Library ;
+----------------------------------+-----------------+------------------------------+----------------------------------------------------------------------------------------------------+---------+
; testbench_8.sv                   ; yes             ; User SystemVerilog HDL File  ; /home/zach/ece385/ECE_385/Lab04/8-bit_logic_processor/logic_processor_4bit/testbench_8.sv          ;         ;
; Synchronizers.sv                 ; yes             ; User SystemVerilog HDL File  ; /home/zach/ece385/ECE_385/Lab04/8-bit_logic_processor/logic_processor_4bit/Synchronizers.sv        ;         ;
; Router.sv                        ; yes             ; User SystemVerilog HDL File  ; /home/zach/ece385/ECE_385/Lab04/8-bit_logic_processor/logic_processor_4bit/Router.sv               ;         ;
; Register_unit.sv                 ; yes             ; User SystemVerilog HDL File  ; /home/zach/ece385/ECE_385/Lab04/8-bit_logic_processor/logic_processor_4bit/Register_unit.sv        ;         ;
; Processor.sv                     ; yes             ; User SystemVerilog HDL File  ; /home/zach/ece385/ECE_385/Lab04/8-bit_logic_processor/logic_processor_4bit/Processor.sv            ;         ;
; HexDriver.sv                     ; yes             ; User SystemVerilog HDL File  ; /home/zach/ece385/ECE_385/Lab04/8-bit_logic_processor/logic_processor_4bit/HexDriver.sv            ;         ;
; Control.sv                       ; yes             ; User SystemVerilog HDL File  ; /home/zach/ece385/ECE_385/Lab04/8-bit_logic_processor/logic_processor_4bit/Control.sv              ;         ;
; compute.sv                       ; yes             ; User SystemVerilog HDL File  ; /home/zach/ece385/ECE_385/Lab04/8-bit_logic_processor/logic_processor_4bit/compute.sv              ;         ;
; Bit_Serial_Processor.sv          ; yes             ; User SystemVerilog HDL File  ; /home/zach/ece385/ECE_385/Lab04/8-bit_logic_processor/logic_processor_4bit/Bit_Serial_Processor.sv ;         ;
; Reg_8.sv                         ; yes             ; User SystemVerilog HDL File  ; /home/zach/ece385/ECE_385/Lab04/8-bit_logic_processor/logic_processor_4bit/Reg_8.sv                ;         ;
+----------------------------------+-----------------+------------------------------+----------------------------------------------------------------------------------------------------+---------+


+-----------------------------------------------------+
; Analysis & Synthesis Resource Usage Summary         ;
+---------------------------------------------+-------+
; Resource                                    ; Usage ;
+---------------------------------------------+-------+
;                                             ;       ;
; Total combinational functions               ; 0     ;
; Logic element usage by number of LUT inputs ;       ;
;     -- 4 input functions                    ; 0     ;
;     -- 3 input functions                    ; 0     ;
;     -- <=2 input functions                  ; 0     ;
;                                             ;       ;
; Logic elements by mode                      ;       ;
;     -- normal mode                          ; 0     ;
;     -- arithmetic mode                      ; 0     ;
;                                             ;       ;
; Total registers                             ; 0     ;
;     -- Dedicated logic registers            ; 0     ;
;     -- I/O registers                        ; 0     ;
;                                             ;       ;
; I/O pins                                    ; 58    ;
;                                             ;       ;
; Embedded Multiplier 9-bit elements          ; 0     ;
;                                             ;       ;
; Maximum fan-out node                        ; R[0]  ;
; Maximum fan-out                             ; 1     ;
; Total fan-out                               ; 58    ;
; Average fan-out                             ; 0.50  ;
+---------------------------------------------+-------+


+-------------------------------------------------------------------------------------------------------------------------------------------------------------------------------+
; Analysis & Synthesis Resource Utilization by Entity                                                                                                                           ;
+----------------------------+-------------------+--------------+-------------+--------------+---------+-----------+------+--------------+-----------------------+--------------+
; Compilation Hierarchy Node ; LC Combinationals ; LC Registers ; Memory Bits ; DSP Elements ; DSP 9x9 ; DSP 18x18 ; Pins ; Virtual Pins ; Full Hierarchy Name   ; Library Name ;
+----------------------------+-------------------+--------------+-------------+--------------+---------+-----------+------+--------------+-----------------------+--------------+
; |Bit_Serial_Processor      ; 0 (0)             ; 0 (0)        ; 0           ; 0            ; 0       ; 0         ; 58   ; 0            ; |Bit_Serial_Processor ; work         ;
+----------------------------+-------------------+--------------+-------------+--------------+---------+-----------+------+--------------+-----------------------+--------------+
Note: For table entries with two numbers listed, the numbers in parentheses indicate the number of resources of the given type used by the specific entity alone. The numbers listed outside of parentheses indicate the total resources of the given type used by the specific entity and all of its sub-entities in the hierarchy.


Encoding Type:  One-Hot
+--------------------------------------------------------------------------------------------------------------------------------------------------------------------+
; State Machine - |Bit_Serial_Processor|testbench_8:test0|Processor:processor0|control:control_unit|curr_state                                                       ;
+--------------+--------------+--------------+--------------+--------------+--------------+--------------+--------------+--------------+--------------+--------------+
; Name         ; curr_state.J ; curr_state.I ; curr_state.H ; curr_state.G ; curr_state.F ; curr_state.E ; curr_state.D ; curr_state.C ; curr_state.B ; curr_state.A ;
+--------------+--------------+--------------+--------------+--------------+--------------+--------------+--------------+--------------+--------------+--------------+
; curr_state.A ; 0            ; 0            ; 0            ; 0            ; 0            ; 0            ; 0            ; 0            ; 0            ; 0            ;
; curr_state.B ; 0            ; 0            ; 0            ; 0            ; 0            ; 0            ; 0            ; 0            ; 1            ; 1            ;
; curr_state.C ; 0            ; 0            ; 0            ; 0            ; 0            ; 0            ; 0            ; 1            ; 0            ; 1            ;
; curr_state.D ; 0            ; 0            ; 0            ; 0            ; 0            ; 0            ; 1            ; 0            ; 0            ; 1            ;
; curr_state.E ; 0            ; 0            ; 0            ; 0            ; 0            ; 1            ; 0            ; 0            ; 0            ; 1            ;
; curr_state.F ; 0            ; 0            ; 0            ; 0            ; 1            ; 0            ; 0            ; 0            ; 0            ; 1            ;
; curr_state.G ; 0            ; 0            ; 0            ; 1            ; 0            ; 0            ; 0            ; 0            ; 0            ; 1            ;
; curr_state.H ; 0            ; 0            ; 1            ; 0            ; 0            ; 0            ; 0            ; 0            ; 0            ; 1            ;
; curr_state.I ; 0            ; 1            ; 0            ; 0            ; 0            ; 0            ; 0            ; 0            ; 0            ; 1            ;
; curr_state.J ; 1            ; 0            ; 0            ; 0            ; 0            ; 0            ; 0            ; 0            ; 0            ; 1            ;
+--------------+--------------+--------------+--------------+--------------+--------------+--------------+--------------+--------------+--------------+--------------+


+-------------------------------------------------------------------------------------------------------------------+
; Registers Removed During Synthesis                                                                                ;
+--------------------------------------------------------------------------+----------------------------------------+
; Register name                                                            ; Reason for Removal                     ;
+--------------------------------------------------------------------------+----------------------------------------+
; testbench_8:test0|Processor:processor0|sync:button_sync[3]|q             ; Stuck at GND due to stuck port data_in ;
; testbench_8:test0|Processor:processor0|sync:button_sync[0]|q             ; Stuck at GND due to stuck port data_in ;
; testbench_8:test0|Processor:processor0|control:control_unit|curr_state.B ; Lost fanout                            ;
; testbench_8:test0|Processor:processor0|control:control_unit|curr_state.C ; Lost fanout                            ;
; testbench_8:test0|Processor:processor0|control:control_unit|curr_state.D ; Lost fanout                            ;
; testbench_8:test0|Processor:processor0|control:control_unit|curr_state.E ; Lost fanout                            ;
; testbench_8:test0|Processor:processor0|control:control_unit|curr_state.F ; Lost fanout                            ;
; testbench_8:test0|Processor:processor0|control:control_unit|curr_state.G ; Lost fanout                            ;
; testbench_8:test0|Processor:processor0|control:control_unit|curr_state.H ; Lost fanout                            ;
; testbench_8:test0|Processor:processor0|control:control_unit|curr_state.I ; Lost fanout                            ;
; testbench_8:test0|Processor:processor0|control:control_unit|curr_state~2 ; Lost fanout                            ;
; testbench_8:test0|Processor:processor0|control:control_unit|curr_state~3 ; Lost fanout                            ;
; testbench_8:test0|Processor:processor0|control:control_unit|curr_state~4 ; Lost fanout                            ;
; testbench_8:test0|Processor:processor0|control:control_unit|curr_state~5 ; Lost fanout                            ;
; testbench_8:test0|Processor:processor0|control:control_unit|curr_state.J ; Stuck at GND due to stuck port data_in ;
; testbench_8:test0|Processor:processor0|control:control_unit|curr_state.A ; Lost fanout                            ;
; Total Number of Removed Registers = 16                                   ;                                        ;
+--------------------------------------------------------------------------+----------------------------------------+


+------------------------------------------------------+
; General Register Statistics                          ;
+----------------------------------------------+-------+
; Statistic                                    ; Value ;
+----------------------------------------------+-------+
; Total registers                              ; 0     ;
; Number of registers using Synchronous Clear  ; 0     ;
; Number of registers using Synchronous Load   ; 0     ;
; Number of registers using Asynchronous Clear ; 0     ;
; Number of registers using Asynchronous Load  ; 0     ;
; Number of registers using Clock Enable       ; 0     ;
; Number of registers using Preset             ; 0     ;
+----------------------------------------------+-------+


+-------------------------------------------------------------------------------------------------------------------+
; Port Connectivity Checks: "testbench_8:test0|Processor:processor0"                                                ;
+---------+--------+----------+-------------------------------------------------------------------------------------+
; Port    ; Type   ; Severity ; Details                                                                             ;
+---------+--------+----------+-------------------------------------------------------------------------------------+
; Reset   ; Input  ; Info     ; Stuck at VCC                                                                        ;
; LoadA   ; Input  ; Info     ; Stuck at VCC                                                                        ;
; LoadB   ; Input  ; Info     ; Stuck at VCC                                                                        ;
; Execute ; Input  ; Info     ; Stuck at VCC                                                                        ;
; Din     ; Input  ; Info     ; Stuck at GND                                                                        ;
; F[2..1] ; Input  ; Info     ; Stuck at VCC                                                                        ;
; F[0]    ; Input  ; Info     ; Stuck at GND                                                                        ;
; R       ; Input  ; Info     ; Stuck at VCC                                                                        ;
; LED     ; Output ; Info     ; Connected to dangling logic. Logic that only feeds a dangling port will be removed. ;
; Aval    ; Output ; Info     ; Connected to dangling logic. Logic that only feeds a dangling port will be removed. ;
; Bval    ; Output ; Info     ; Connected to dangling logic. Logic that only feeds a dangling port will be removed. ;
; AhexL   ; Output ; Info     ; Connected to dangling logic. Logic that only feeds a dangling port will be removed. ;
; AhexU   ; Output ; Info     ; Connected to dangling logic. Logic that only feeds a dangling port will be removed. ;
; BhexL   ; Output ; Info     ; Connected to dangling logic. Logic that only feeds a dangling port will be removed. ;
; BhexU   ; Output ; Info     ; Connected to dangling logic. Logic that only feeds a dangling port will be removed. ;
+---------+--------+----------+-------------------------------------------------------------------------------------+


+-----------------------------------------------------+
; Post-Synthesis Netlist Statistics for Top Partition ;
+-----------------------+-----------------------------+
; Type                  ; Count                       ;
+-----------------------+-----------------------------+
; boundary_port         ; 58                          ;
; cycloneiii_lcell_comb ; 1                           ;
;     normal            ; 1                           ;
;         0 data inputs ; 1                           ;
;                       ;                             ;
; Max LUT depth         ; 0.00                        ;
; Average LUT depth     ; 0.00                        ;
+-----------------------+-----------------------------+


+-------------------------------+
; Elapsed Time Per Partition    ;
+----------------+--------------+
; Partition Name ; Elapsed Time ;
+----------------+--------------+
; Top            ; 00:00:00     ;
+----------------+--------------+


+-------------------------------+
; Analysis & Synthesis Messages ;
+-------------------------------+
Info: *******************************************************************
Info: Running Quartus II 64-Bit Analysis & Synthesis
    Info: Version 15.0.0 Build 145 04/22/2015 SJ Web Edition
    Info: Processing started: Sun Sep 11 15:08:21 2016
Info: Command: quartus_map --read_settings_files=on --write_settings_files=off Bit_Serial_Processor -c Bit_Serial_Processor
Warning (20028): Parallel compilation is not licensed and has been disabled
Info (12021): Found 1 design units, including 1 entities, in source file testbench_8.sv
    Info (12023): Found entity 1: testbench_8
Info (12021): Found 3 design units, including 3 entities, in source file Synchronizers.sv
    Info (12023): Found entity 1: sync
    Info (12023): Found entity 2: sync_r0
    Info (12023): Found entity 3: sync_r1
Info (12021): Found 1 design units, including 1 entities, in source file Router.sv
    Info (12023): Found entity 1: router
Info (12021): Found 1 design units, including 1 entities, in source file Register_unit.sv
    Info (12023): Found entity 1: register_unit
Info (12021): Found 1 design units, including 1 entities, in source file Processor.sv
    Info (12023): Found entity 1: Processor
Info (12021): Found 1 design units, including 1 entities, in source file HexDriver.sv
    Info (12023): Found entity 1: HexDriver
Info (12021): Found 1 design units, including 1 entities, in source file Control.sv
    Info (12023): Found entity 1: control
Info (12021): Found 1 design units, including 1 entities, in source file compute.sv
    Info (12023): Found entity 1: compute
Info (12021): Found 1 design units, including 1 entities, in source file Bit_Serial_Processor.sv
    Info (12023): Found entity 1: Bit_Serial_Processor
Info (12021): Found 1 design units, including 1 entities, in source file Reg_8.sv
    Info (12023): Found entity 1: reg_8
Info (12127): Elaborating entity "Bit_Serial_Processor" for the top level hierarchy
Warning (10034): Output port "Aval" at Bit_Serial_Processor.sv(4) has no driver
Warning (10034): Output port "Bval" at Bit_Serial_Processor.sv(4) has no driver
Warning (10034): Output port "AhexU" at Bit_Serial_Processor.sv(5) has no driver
Warning (10034): Output port "AhexL" at Bit_Serial_Processor.sv(5) has no driver
Warning (10034): Output port "BhexU" at Bit_Serial_Processor.sv(5) has no driver
Warning (10034): Output port "BhexL" at Bit_Serial_Processor.sv(5) has no driver
Warning (10034): Output port "LED" at Bit_Serial_Processor.sv(6) has no driver
Info (12128): Elaborating entity "testbench_8" for hierarchy "testbench_8:test0"
Warning (10755): Verilog HDL warning at testbench_8.sv(35): assignments to Clk create a combinational loop
Info (10648): Verilog HDL Display System Task info at testbench_8.sv(101): Success!
Info (10648): Verilog HDL Display System Task info at testbench_8.sv(103):           0 error(s) detected. Try again!
Warning (10855): Verilog HDL warning at testbench_8.sv(47): initial value for variable ErrorCnt should be constant
Info (12128): Elaborating entity "Processor" for hierarchy "testbench_8:test0|Processor:processor0"
Info (12128): Elaborating entity "register_unit" for hierarchy "testbench_8:test0|Processor:processor0|register_unit:reg_unit"
Info (12128): Elaborating entity "reg_8" for hierarchy "testbench_8:test0|Processor:processor0|register_unit:reg_unit|reg_8:reg_A"
Info (12128): Elaborating entity "compute" for hierarchy "testbench_8:test0|Processor:processor0|compute:compute_unit"
Info (12128): Elaborating entity "router" for hierarchy "testbench_8:test0|Processor:processor0|router:router"
Info (12128): Elaborating entity "control" for hierarchy "testbench_8:test0|Processor:processor0|control:control_unit"
Info (10264): Verilog HDL Case Statement information at Control.sv(43): all case item expressions in this case statement are onehot
Info (12128): Elaborating entity "HexDriver" for hierarchy "testbench_8:test0|Processor:processor0|HexDriver:HexAL"
Info (12128): Elaborating entity "sync" for hierarchy "testbench_8:test0|Processor:processor0|sync:button_sync[0]"
Warning (13024): Output pins are stuck at VCC or GND
    Warning (13410): Pin "Aval[0]" is stuck at GND
    Warning (13410): Pin "Aval[1]" is stuck at GND
    Warning (13410): Pin "Aval[2]" is stuck at GND
    Warning (13410): Pin "Aval[3]" is stuck at GND
    Warning (13410): Pin "Aval[4]" is stuck at GND
    Warning (13410): Pin "Aval[5]" is stuck at GND
    Warning (13410): Pin "Aval[6]" is stuck at GND
    Warning (13410): Pin "Aval[7]" is stuck at GND
    Warning (13410): Pin "Bval[0]" is stuck at GND
    Warning (13410): Pin "Bval[1]" is stuck at GND
    Warning (13410): Pin "Bval[2]" is stuck at GND
    Warning (13410): Pin "Bval[3]" is stuck at GND
    Warning (13410): Pin "Bval[4]" is stuck at GND
    Warning (13410): Pin "Bval[5]" is stuck at GND
    Warning (13410): Pin "Bval[6]" is stuck at GND
    Warning (13410): Pin "Bval[7]" is stuck at GND
    Warning (13410): Pin "AhexU[0]" is stuck at GND
    Warning (13410): Pin "AhexU[1]" is stuck at GND
    Warning (13410): Pin "AhexU[2]" is stuck at GND
    Warning (13410): Pin "AhexU[3]" is stuck at GND
    Warning (13410): Pin "AhexU[4]" is stuck at GND
    Warning (13410): Pin "AhexU[5]" is stuck at GND
    Warning (13410): Pin "AhexU[6]" is stuck at GND
    Warning (13410): Pin "AhexL[0]" is stuck at GND
    Warning (13410): Pin "AhexL[1]" is stuck at GND
    Warning (13410): Pin "AhexL[2]" is stuck at GND
    Warning (13410): Pin "AhexL[3]" is stuck at GND
    Warning (13410): Pin "AhexL[4]" is stuck at GND
    Warning (13410): Pin "AhexL[5]" is stuck at GND
    Warning (13410): Pin "AhexL[6]" is stuck at GND
    Warning (13410): Pin "BhexU[0]" is stuck at GND
    Warning (13410): Pin "BhexU[1]" is stuck at GND
    Warning (13410): Pin "BhexU[2]" is stuck at GND
    Warning (13410): Pin "BhexU[3]" is stuck at GND
    Warning (13410): Pin "BhexU[4]" is stuck at GND
    Warning (13410): Pin "BhexU[5]" is stuck at GND
    Warning (13410): Pin "BhexU[6]" is stuck at GND
    Warning (13410): Pin "BhexL[0]" is stuck at GND
    Warning (13410): Pin "BhexL[1]" is stuck at GND
    Warning (13410): Pin "BhexL[2]" is stuck at GND
    Warning (13410): Pin "BhexL[3]" is stuck at GND
    Warning (13410): Pin "BhexL[4]" is stuck at GND
    Warning (13410): Pin "BhexL[5]" is stuck at GND
    Warning (13410): Pin "BhexL[6]" is stuck at GND
    Warning (13410): Pin "LED[0]" is stuck at GND
    Warning (13410): Pin "LED[1]" is stuck at GND
    Warning (13410): Pin "LED[2]" is stuck at GND
    Warning (13410): Pin "LED[3]" is stuck at GND
Info (17049): 13 registers lost all their fanouts during netlist optimizations.
Info (144001): Generated suppressed messages file /home/zach/ece385/ECE_385/Lab04/8-bit_logic_processor/logic_processor_4bit/output_files/Bit_Serial_Processor.map.smsg
Info (16010): Generating hard_block partition "hard_block:auto_generated_inst"
    Info (16011): Adding 0 node(s), including 0 DDIO, 0 PLL, 0 transceiver and 0 LCELL
Warning (21074): Design contains 10 input pin(s) that do not drive logic
    Warning (15610): No output dependent on input pin "R[0]"
    Warning (15610): No output dependent on input pin "R[1]"
    Warning (15610): No output dependent on input pin "Execute"
    Warning (15610): No output dependent on input pin "LoadA"
    Warning (15610): No output dependent on input pin "LoadB"
    Warning (15610): No output dependent on input pin "Reset"
    Warning (15610): No output dependent on input pin "Clk"
    Warning (15610): No output dependent on input pin "F[0]"
    Warning (15610): No output dependent on input pin "F[1]"
    Warning (15610): No output dependent on input pin "F[2]"
Info (21057): Implemented 58 device resources after synthesis - the final resource count might be different
    Info (21058): Implemented 10 input pins
    Info (21059): Implemented 48 output pins
Info: Quartus II 64-Bit Analysis & Synthesis was successful. 0 errors, 70 warnings
    Info: Peak virtual memory: 998 megabytes
    Info: Processing ended: Sun Sep 11 15:08:34 2016
    Info: Elapsed time: 00:00:13
    Info: Total CPU time (on all processors): 00:00:20


+------------------------------------------+
; Analysis & Synthesis Suppressed Messages ;
+------------------------------------------+
The suppressed messages can be found in /home/zach/ece385/ECE_385/Lab04/8-bit_logic_processor/logic_processor_4bit/output_files/Bit_Serial_Processor.map.smsg.


