Flow report for 8bit_multiplier
Sat Sep 17 15:52:25 2016
Quartus II 64-Bit Version 15.0.0 Build 145 04/22/2015 SJ Web Edition


---------------------
; Table of Contents ;
---------------------
  1. Legal Notice
  2. Flow Summary
  3. Flow Settings
  4. Flow Non-Default Global Settings
  5. Flow Elapsed Time
  6. Flow OS Summary
  7. Flow Log
  8. Flow Messages
  9. Flow Suppressed Messages



----------------
; Legal Notice ;
----------------
Copyright (C) 1991-2015 Altera Corporation. All rights reserved.
Your use of Altera Corporation's design tools, logic functions 
and other software and tools, and its AMPP partner logic 
functions, and any output files from any of the foregoing 
(including device programming or simulation files), and any 
associated documentation or information are expressly subject 
to the terms and conditions of the Altera Program License 
Subscription Agreement, the Altera Quartus II License Agreement,
the Altera MegaCore Function License Agreement, or other 
applicable license agreement, including, without limitation, 
that your use is for the sole purpose of programming logic 
devices manufactured by Altera and sold by Altera or its 
authorized distributors.  Please refer to the applicable 
agreement for further details.



+---------------------------------------------------------------------------------+
; Flow Summary                                                                    ;
+------------------------------------+--------------------------------------------+
; Flow Status                        ; Successful - Sat Sep 17 15:52:25 2016      ;
; Quartus II 64-Bit Version          ; 15.0.0 Build 145 04/22/2015 SJ Web Edition ;
; Revision Name                      ; 8bit_multiplier                            ;
; Top-level Entity Name              ; Multiplier                                 ;
; Family                             ; Cyclone IV E                               ;
; Device                             ; EP4CE115F29C7                              ;
; Timing Models                      ; Final                                      ;
; Total logic elements               ; 92 / 114,480 ( < 1 % )                     ;
;     Total combinational functions  ; 83 / 114,480 ( < 1 % )                     ;
;     Dedicated logic registers      ; 38 / 114,480 ( < 1 % )                     ;
; Total registers                    ; 38                                         ;
; Total pins                         ; 58 / 529 ( 11 % )                          ;
; Total virtual pins                 ; 0                                          ;
; Total memory bits                  ; 0 / 3,981,312 ( 0 % )                      ;
; Embedded Multiplier 9-bit elements ; 0 / 532 ( 0 % )                            ;
; Total PLLs                         ; 0 / 4 ( 0 % )                              ;
+------------------------------------+--------------------------------------------+


+-----------------------------------------+
; Flow Settings                           ;
+-------------------+---------------------+
; Option            ; Setting             ;
+-------------------+---------------------+
; Start date & time ; 09/17/2016 15:51:32 ;
; Main task         ; Compilation         ;
; Revision Name     ; 8bit_multiplier     ;
+-------------------+---------------------+


+------------------------------------------------------------------------------------------------------------------------------+
; Flow Non-Default Global Settings                                                                                             ;
+-------------------------------------+---------------------------------------+-----------------+-------------+----------------+
; Assignment Name                     ; Value                                 ; Default Value   ; Entity Name ; Section Id     ;
+-------------------------------------+---------------------------------------+-----------------+-------------+----------------+
; COMPILER_SIGNATURE_ID               ; 8796752800944.147414549202176         ; --              ; --          ; --             ;
; EDA_OUTPUT_DATA_FORMAT              ; Systemverilog Hdl                     ; --              ; --          ; eda_simulation ;
; EDA_SIMULATION_TOOL                 ; ModelSim (SystemVerilog)              ; <None>          ; --          ; --             ;
; EDA_TIME_SCALE                      ; 1 ps                                  ; --              ; --          ; eda_simulation ;
; MAX_CORE_JUNCTION_TEMP              ; 85                                    ; --              ; --          ; --             ;
; MIN_CORE_JUNCTION_TEMP              ; 0                                     ; --              ; --          ; --             ;
; NOMINAL_CORE_SUPPLY_VOLTAGE         ; 1.2V                                  ; --              ; --          ; --             ;
; PARTITION_COLOR                     ; 16764057                              ; --              ; Multiplier  ; Top            ;
; PARTITION_FITTER_PRESERVATION_LEVEL ; PLACEMENT_AND_ROUTING                 ; --              ; Multiplier  ; Top            ;
; PARTITION_NETLIST_TYPE              ; SOURCE                                ; --              ; Multiplier  ; Top            ;
; POWER_BOARD_THERMAL_MODEL           ; None (CONSERVATIVE)                   ; --              ; --          ; --             ;
; POWER_PRESET_COOLING_SOLUTION       ; 23 MM HEAT SINK WITH 200 LFPM AIRFLOW ; --              ; --          ; --             ;
; PROJECT_OUTPUT_DIRECTORY            ; output_files                          ; --              ; --          ; --             ;
; TOP_LEVEL_ENTITY                    ; Multiplier                            ; 8bit_multiplier ; --          ; --             ;
+-------------------------------------+---------------------------------------+-----------------+-------------+----------------+


+-------------------------------------------------------------------------------------------------------------------------------+
; Flow Elapsed Time                                                                                                             ;
+---------------------------+--------------+-------------------------+---------------------+------------------------------------+
; Module Name               ; Elapsed Time ; Average Processors Used ; Peak Virtual Memory ; Total CPU Time (on all processors) ;
+---------------------------+--------------+-------------------------+---------------------+------------------------------------+
; Analysis & Synthesis      ; 00:00:13     ; 1.0                     ; 949 MB              ; 00:00:20                           ;
; Fitter                    ; 00:00:24     ; 1.0                     ; 1282 MB             ; 00:00:24                           ;
; Assembler                 ; 00:00:05     ; 1.0                     ; 852 MB              ; 00:00:05                           ;
; TimeQuest Timing Analyzer ; 00:00:02     ; 1.0                     ; 949 MB              ; 00:00:02                           ;
; EDA Netlist Writer        ; 00:00:01     ; 1.0                     ; 1103 MB             ; 00:00:01                           ;
; Total                     ; 00:00:45     ; --                      ; --                  ; 00:00:52                           ;
+---------------------------+--------------+-------------------------+---------------------+------------------------------------+


+---------------------------------------------------------------------------------------------+
; Flow OS Summary                                                                             ;
+---------------------------+------------------+----------------+------------+----------------+
; Module Name               ; Machine Hostname ; OS Name        ; OS Version ; Processor type ;
+---------------------------+------------------+----------------+------------+----------------+
; Analysis & Synthesis      ; zach-VirtualBox  ; Ubuntu 14.04.4 ; 14         ; x86_64         ;
; Fitter                    ; zach-VirtualBox  ; Ubuntu 14.04.4 ; 14         ; x86_64         ;
; Assembler                 ; zach-VirtualBox  ; Ubuntu 14.04.4 ; 14         ; x86_64         ;
; TimeQuest Timing Analyzer ; zach-VirtualBox  ; Ubuntu 14.04.4 ; 14         ; x86_64         ;
; EDA Netlist Writer        ; zach-VirtualBox  ; Ubuntu 14.04.4 ; 14         ; x86_64         ;
+---------------------------+------------------+----------------+------------+----------------+


------------
; Flow Log ;
------------
quartus_map --read_settings_files=on --write_settings_files=off 8bit_multiplier -c 8bit_multiplier
quartus_fit --read_settings_files=off --write_settings_files=off 8bit_multiplier -c 8bit_multiplier
quartus_asm --read_settings_files=off --write_settings_files=off 8bit_multiplier -c 8bit_multiplier
quartus_sta 8bit_multiplier -c 8bit_multiplier
quartus_eda --read_settings_files=off --write_settings_files=off 8bit_multiplier -c 8bit_multiplier



