Analysis & Synthesis report for 8bit_multiplier
Fri Sep 16 21:25:58 2016
Quartus II 64-Bit Version 15.0.0 Build 145 04/22/2015 SJ Web Edition


---------------------
; Table of Contents ;
---------------------
  1. Legal Notice
  2. Analysis & Synthesis Summary
  3. Analysis & Synthesis Settings
  4. Parallel Compilation
  5. Analysis & Synthesis Messages
  6. Analysis & Synthesis Suppressed Messages



----------------
; Legal Notice ;
----------------
Copyright (C) 1991-2015 Altera Corporation. All rights reserved.
Your use of Altera Corporation's design tools, logic functions 
and other software and tools, and its AMPP partner logic 
functions, and any output files from any of the foregoing 
(including device programming or simulation files), and any 
associated documentation or information are expressly subject 
to the terms and conditions of the Altera Program License 
Subscription Agreement, the Altera Quartus II License Agreement,
the Altera MegaCore Function License Agreement, or other 
applicable license agreement, including, without limitation, 
that your use is for the sole purpose of programming logic 
devices manufactured by Altera and sold by Altera or its 
authorized distributors.  Please refer to the applicable 
agreement for further details.



+---------------------------------------------------------------------------------+
; Analysis & Synthesis Summary                                                    ;
+------------------------------------+--------------------------------------------+
; Analysis & Synthesis Status        ; Failed - Fri Sep 16 21:25:58 2016          ;
; Quartus II 64-Bit Version          ; 15.0.0 Build 145 04/22/2015 SJ Web Edition ;
; Revision Name                      ; 8bit_multiplier                            ;
; Top-level Entity Name              ; 8bit_multiplier                            ;
; Family                             ; Cyclone IV E                               ;
; Total logic elements               ; N/A until Partition Merge                  ;
;     Total combinational functions  ; N/A until Partition Merge                  ;
;     Dedicated logic registers      ; N/A until Partition Merge                  ;
; Total registers                    ; N/A until Partition Merge                  ;
; Total pins                         ; N/A until Partition Merge                  ;
; Total virtual pins                 ; N/A until Partition Merge                  ;
; Total memory bits                  ; N/A until Partition Merge                  ;
; Embedded Multiplier 9-bit elements ; N/A until Partition Merge                  ;
; Total PLLs                         ; N/A until Partition Merge                  ;
+------------------------------------+--------------------------------------------+


+----------------------------------------------------------------------------------------------------------------------+
; Analysis & Synthesis Settings                                                                                        ;
+----------------------------------------------------------------------------+--------------------+--------------------+
; Option                                                                     ; Setting            ; Default Value      ;
+----------------------------------------------------------------------------+--------------------+--------------------+
; Device                                                                     ; EP4CE115F29C7      ;                    ;
; Top-level entity name                                                      ; 8bit_multiplier    ; 8bit_multiplier    ;
; Family name                                                                ; Cyclone IV E       ; Cyclone V          ;
; Use smart compilation                                                      ; Off                ; Off                ;
; Enable parallel Assembler and TimeQuest Timing Analyzer during compilation ; On                 ; On                 ;
; Enable compact report table                                                ; Off                ; Off                ;
; Restructure Multiplexers                                                   ; Auto               ; Auto               ;
; Create Debugging Nodes for IP Cores                                        ; Off                ; Off                ;
; Preserve fewer node names                                                  ; On                 ; On                 ;
; Disable OpenCore Plus hardware evaluation                                  ; Off                ; Off                ;
; Verilog Version                                                            ; Verilog_2001       ; Verilog_2001       ;
; VHDL Version                                                               ; VHDL_1993          ; VHDL_1993          ;
; State Machine Processing                                                   ; Auto               ; Auto               ;
; Safe State Machine                                                         ; Off                ; Off                ;
; Extract Verilog State Machines                                             ; On                 ; On                 ;
; Extract VHDL State Machines                                                ; On                 ; On                 ;
; Ignore Verilog initial constructs                                          ; Off                ; Off                ;
; Iteration limit for constant Verilog loops                                 ; 5000               ; 5000               ;
; Iteration limit for non-constant Verilog loops                             ; 250                ; 250                ;
; Add Pass-Through Logic to Inferred RAMs                                    ; On                 ; On                 ;
; Infer RAMs from Raw Logic                                                  ; On                 ; On                 ;
; Parallel Synthesis                                                         ; On                 ; On                 ;
; DSP Block Balancing                                                        ; Auto               ; Auto               ;
; NOT Gate Push-Back                                                         ; On                 ; On                 ;
; Power-Up Don't Care                                                        ; On                 ; On                 ;
; Remove Redundant Logic Cells                                               ; Off                ; Off                ;
; Remove Duplicate Registers                                                 ; On                 ; On                 ;
; Ignore CARRY Buffers                                                       ; Off                ; Off                ;
; Ignore CASCADE Buffers                                                     ; Off                ; Off                ;
; Ignore GLOBAL Buffers                                                      ; Off                ; Off                ;
; Ignore ROW GLOBAL Buffers                                                  ; Off                ; Off                ;
; Ignore LCELL Buffers                                                       ; Off                ; Off                ;
; Ignore SOFT Buffers                                                        ; On                 ; On                 ;
; Limit AHDL Integers to 32 Bits                                             ; Off                ; Off                ;
; Optimization Technique                                                     ; Balanced           ; Balanced           ;
; Carry Chain Length                                                         ; 70                 ; 70                 ;
; Auto Carry Chains                                                          ; On                 ; On                 ;
; Auto Open-Drain Pins                                                       ; On                 ; On                 ;
; Perform WYSIWYG Primitive Resynthesis                                      ; Off                ; Off                ;
; Auto ROM Replacement                                                       ; On                 ; On                 ;
; Auto RAM Replacement                                                       ; On                 ; On                 ;
; Auto DSP Block Replacement                                                 ; On                 ; On                 ;
; Auto Shift Register Replacement                                            ; Auto               ; Auto               ;
; Allow Shift Register Merging across Hierarchies                            ; Auto               ; Auto               ;
; Auto Clock Enable Replacement                                              ; On                 ; On                 ;
; Strict RAM Replacement                                                     ; Off                ; Off                ;
; Allow Synchronous Control Signals                                          ; On                 ; On                 ;
; Force Use of Synchronous Clear Signals                                     ; Off                ; Off                ;
; Auto RAM Block Balancing                                                   ; On                 ; On                 ;
; Auto RAM to Logic Cell Conversion                                          ; Off                ; Off                ;
; Auto Resource Sharing                                                      ; Off                ; Off                ;
; Allow Any RAM Size For Recognition                                         ; Off                ; Off                ;
; Allow Any ROM Size For Recognition                                         ; Off                ; Off                ;
; Allow Any Shift Register Size For Recognition                              ; Off                ; Off                ;
; Use LogicLock Constraints during Resource Balancing                        ; On                 ; On                 ;
; Ignore translate_off and synthesis_off directives                          ; Off                ; Off                ;
; Timing-Driven Synthesis                                                    ; On                 ; On                 ;
; Report Parameter Settings                                                  ; On                 ; On                 ;
; Report Source Assignments                                                  ; On                 ; On                 ;
; Report Connectivity Checks                                                 ; On                 ; On                 ;
; Ignore Maximum Fan-Out Assignments                                         ; Off                ; Off                ;
; Synchronization Register Chain Length                                      ; 2                  ; 2                  ;
; PowerPlay Power Optimization During Synthesis                              ; Normal compilation ; Normal compilation ;
; HDL message level                                                          ; Level2             ; Level2             ;
; Suppress Register Optimization Related Messages                            ; Off                ; Off                ;
; Number of Removed Registers Reported in Synthesis Report                   ; 5000               ; 5000               ;
; Number of Swept Nodes Reported in Synthesis Report                         ; 5000               ; 5000               ;
; Number of Inverted Registers Reported in Synthesis Report                  ; 100                ; 100                ;
; Clock MUX Protection                                                       ; On                 ; On                 ;
; Auto Gated Clock Conversion                                                ; Off                ; Off                ;
; Block Design Naming                                                        ; Auto               ; Auto               ;
; SDC constraint protection                                                  ; Off                ; Off                ;
; Synthesis Effort                                                           ; Auto               ; Auto               ;
; Shift Register Replacement - Allow Asynchronous Clear Signal               ; On                 ; On                 ;
; Pre-Mapping Resynthesis Optimization                                       ; Off                ; Off                ;
; Analysis & Synthesis Message Level                                         ; Medium             ; Medium             ;
; Disable Register Merging Across Hierarchies                                ; Auto               ; Auto               ;
; Resource Aware Inference For Block RAM                                     ; On                 ; On                 ;
; Synthesis Seed                                                             ; 1                  ; 1                  ;
+----------------------------------------------------------------------------+--------------------+--------------------+


Parallel compilation was disabled, but you have multiple processors available. Enable parallel compilation to reduce compilation time.
+-------------------------------------+
; Parallel Compilation                ;
+----------------------------+--------+
; Processors                 ; Number ;
+----------------------------+--------+
; Number detected on machine ; 8      ;
; Maximum allowed            ; 1      ;
+----------------------------+--------+


+-------------------------------+
; Analysis & Synthesis Messages ;
+-------------------------------+
Info: *******************************************************************
Info: Running Quartus II 64-Bit Analysis & Synthesis
    Info: Version 15.0.0 Build 145 04/22/2015 SJ Web Edition
    Info: Processing started: Fri Sep 16 21:25:49 2016
Info: Command: quartus_map --read_settings_files=on --write_settings_files=off 8bit_multiplier -c 8bit_multiplier
Warning (20028): Parallel compilation is not licensed and has been disabled
Info (12021): Found 3 design units, including 3 entities, in source file standard_modules.sv
    Info (12023): Found entity 1: TwoInputMux
    Info (12023): Found entity 2: FourInputMux
    Info (12023): Found entity 3: FullAdder
Info (12021): Found 1 design units, including 1 entities, in source file 8bit_multiplier_toplevel.sv
    Info (12023): Found entity 1: Multiplier
Error (10170): Verilog HDL syntax error at 8bit_multiplier_control.sv(25) near text "=";  expecting "++", or "--" File: E:/School/University of Illinois/ECE 385/ECE_385/Lab05/8bit_multiplier_control.sv Line: 25
Error (10170): Verilog HDL syntax error at 8bit_multiplier_control.sv(34) near text "=";  expecting "++", or "--" File: E:/School/University of Illinois/ECE 385/ECE_385/Lab05/8bit_multiplier_control.sv Line: 34
Error (10170): Verilog HDL syntax error at 8bit_multiplier_control.sv(38) near text "if";  expecting an operand File: E:/School/University of Illinois/ECE 385/ECE_385/Lab05/8bit_multiplier_control.sv Line: 38
Error (10170): Verilog HDL syntax error at 8bit_multiplier_control.sv(45) near text "=";  expecting "++", or "--" File: E:/School/University of Illinois/ECE 385/ECE_385/Lab05/8bit_multiplier_control.sv Line: 45
Error (10170): Verilog HDL syntax error at 8bit_multiplier_control.sv(50) near text "}";  expecting "end" File: E:/School/University of Illinois/ECE 385/ECE_385/Lab05/8bit_multiplier_control.sv Line: 50
Error (10170): Verilog HDL syntax error at 8bit_multiplier_control.sv(68) near text "if";  expecting an operand File: E:/School/University of Illinois/ECE 385/ECE_385/Lab05/8bit_multiplier_control.sv Line: 68
Error (10112): Ignored design unit "Controller" at 8bit_multiplier_control.sv(3) due to previous errors File: E:/School/University of Illinois/ECE 385/ECE_385/Lab05/8bit_multiplier_control.sv Line: 3
Info (12021): Found 0 design units, including 0 entities, in source file 8bit_multiplier_control.sv
Error (10170): Verilog HDL syntax error at 8bit_multiplier_adder.sv(16) near text "(";  expecting ";" File: E:/School/University of Illinois/ECE 385/ECE_385/Lab05/8bit_multiplier_adder.sv Line: 16
Error (10149): Verilog HDL Declaration error at 8bit_multiplier_adder.sv(17): identifier "AC0" is already declared in the present scope File: E:/School/University of Illinois/ECE 385/ECE_385/Lab05/8bit_multiplier_adder.sv Line: 17
Error (10170): Verilog HDL syntax error at 8bit_multiplier_adder.sv(17) near text "(";  expecting ";" File: E:/School/University of Illinois/ECE 385/ECE_385/Lab05/8bit_multiplier_adder.sv Line: 17
Error (10170): Verilog HDL syntax error at 8bit_multiplier_adder.sv(19) near text ".*";  expecting ")" File: E:/School/University of Illinois/ECE 385/ECE_385/Lab05/8bit_multiplier_adder.sv Line: 19
Error (10170): Verilog HDL syntax error at 8bit_multiplier_adder.sv(19) near text ")"; mismatched closing parenthesis  File: E:/School/University of Illinois/ECE 385/ECE_385/Lab05/8bit_multiplier_adder.sv Line: 19
Error (10170): Verilog HDL syntax error at 8bit_multiplier_adder.sv(21) near text "FFA0";  expecting "<=", or "=", or "+=", or "-=", or "*=", or "/=", or "%=", or "&=", or "|=", or "^=", or "<<=", or ">>=", or "<<<=", or ">>>=", or "++", or "--" File: E:/School/University of Illinois/ECE 385/ECE_385/Lab05/8bit_multiplier_adder.sv Line: 21
Error (10170): Verilog HDL syntax error at 8bit_multiplier_adder.sv(22) near text "FFA1";  expecting "<=", or "=", or "+=", or "-=", or "*=", or "/=", or "%=", or "&=", or "|=", or "^=", or "<<=", or ">>=", or "<<<=", or ">>>=", or "++", or "--" File: E:/School/University of Illinois/ECE 385/ECE_385/Lab05/8bit_multiplier_adder.sv Line: 22
Error (10112): Ignored design unit "NineBitAdder" at 8bit_multiplier_adder.sv(3) due to previous errors File: E:/School/University of Illinois/ECE 385/ECE_385/Lab05/8bit_multiplier_adder.sv Line: 3
Error (10170): Verilog HDL syntax error at 8bit_multiplier_adder.sv(28) near text "logic";  expecting ")" File: E:/School/University of Illinois/ECE 385/ECE_385/Lab05/8bit_multiplier_adder.sv Line: 28
Error (10170): Verilog HDL syntax error at 8bit_multiplier_adder.sv(29) near text "logic";  expecting a direction File: E:/School/University of Illinois/ECE 385/ECE_385/Lab05/8bit_multiplier_adder.sv Line: 29
Error (10112): Ignored design unit "FourBitRippleCarryAdder" at 8bit_multiplier_adder.sv(28) due to previous errors File: E:/School/University of Illinois/ECE 385/ECE_385/Lab05/8bit_multiplier_adder.sv Line: 28
Error (10170): Verilog HDL syntax error at 8bit_multiplier_adder.sv(43) near text "logic";  expecting ")" File: E:/School/University of Illinois/ECE 385/ECE_385/Lab05/8bit_multiplier_adder.sv Line: 43
Error (10170): Verilog HDL syntax error at 8bit_multiplier_adder.sv(44) near text "logic";  expecting a direction File: E:/School/University of Illinois/ECE 385/ECE_385/Lab05/8bit_multiplier_adder.sv Line: 44
Error (10170): Verilog HDL syntax error at 8bit_multiplier_adder.sv(45) near text "logic";  expecting a direction File: E:/School/University of Illinois/ECE 385/ECE_385/Lab05/8bit_multiplier_adder.sv Line: 45
Error (10170): Verilog HDL syntax error at 8bit_multiplier_adder.sv(60) near text "for";  expecting "endmodule" File: E:/School/University of Illinois/ECE 385/ECE_385/Lab05/8bit_multiplier_adder.sv Line: 60
Error (10170): Verilog HDL syntax error at 8bit_multiplier_adder.sv(62) near text "end"; "end" without "begin"  File: E:/School/University of Illinois/ECE 385/ECE_385/Lab05/8bit_multiplier_adder.sv Line: 62
Error (10112): Ignored design unit "BusSelector" at 8bit_multiplier_adder.sv(43) due to previous errors File: E:/School/University of Illinois/ECE 385/ECE_385/Lab05/8bit_multiplier_adder.sv Line: 43
Info (12021): Found 0 design units, including 0 entities, in source file 8bit_multiplier_adder.sv
Error (10170): Verilog HDL syntax error at 8bit_multiplier_registers.sv(9) near text "[";  expecting ")" File: E:/School/University of Illinois/ECE 385/ECE_385/Lab05/8bit_multiplier_registers.sv Line: 9
Error (10170): Verilog HDL syntax error at 8bit_multiplier_registers.sv(18) near text "[";  expecting ")" File: E:/School/University of Illinois/ECE 385/ECE_385/Lab05/8bit_multiplier_registers.sv Line: 18
Error (10170): Verilog HDL syntax error at 8bit_multiplier_registers.sv(31) near text ".";  expecting ")" File: E:/School/University of Illinois/ECE 385/ECE_385/Lab05/8bit_multiplier_registers.sv Line: 31
Error (10112): Ignored design unit "Reagisters" at 8bit_multiplier_registers.sv(3) due to previous errors File: E:/School/University of Illinois/ECE 385/ECE_385/Lab05/8bit_multiplier_registers.sv Line: 3
Error (10170): Verilog HDL syntax error at 8bit_multiplier_registers.sv(42) near text "or";  expecting ")" File: E:/School/University of Illinois/ECE 385/ECE_385/Lab05/8bit_multiplier_registers.sv Line: 42
Error (10170): Verilog HDL syntax error at 8bit_multiplier_registers.sv(44) near text "else";  expecting "end" File: E:/School/University of Illinois/ECE 385/ECE_385/Lab05/8bit_multiplier_registers.sv Line: 44
Error (10112): Ignored design unit "X_Flop" at 8bit_multiplier_registers.sv(37) due to previous errors File: E:/School/University of Illinois/ECE 385/ECE_385/Lab05/8bit_multiplier_registers.sv Line: 37
Error (10170): Verilog HDL syntax error at 8bit_multiplier_registers.sv(54) near text "output";  expecting ")" File: E:/School/University of Illinois/ECE 385/ECE_385/Lab05/8bit_multiplier_registers.sv Line: 54
Error (10170): Verilog HDL syntax error at 8bit_multiplier_registers.sv(62) near text "[";  expecting "@", or an operand File: E:/School/University of Illinois/ECE 385/ECE_385/Lab05/8bit_multiplier_registers.sv Line: 62
Error (10112): Ignored design unit "EightBitShiftRegister" at 8bit_multiplier_registers.sv(52) due to previous errors File: E:/School/University of Illinois/ECE 385/ECE_385/Lab05/8bit_multiplier_registers.sv Line: 52
Info (12021): Found 0 design units, including 0 entities, in source file 8bit_multiplier_registers.sv
Info (144001): Generated suppressed messages file E:/School/University of Illinois/ECE 385/ECE_385/Lab05/output_files/8bit_multiplier.map.smsg
Error: Quartus II 64-Bit Analysis & Synthesis was unsuccessful. 34 errors, 1 warning
    Error: Peak virtual memory: 664 megabytes
    Error: Processing ended: Fri Sep 16 21:25:58 2016
    Error: Elapsed time: 00:00:09
    Error: Total CPU time (on all processors): 00:00:23


+------------------------------------------+
; Analysis & Synthesis Suppressed Messages ;
+------------------------------------------+
The suppressed messages can be found in E:/School/University of Illinois/ECE 385/ECE_385/Lab05/output_files/8bit_multiplier.map.smsg.


