14:27:27 **** Incremental Build of configuration Nios II for project usb_kb_bsp ****
make all 
[BSP build complete]
14:28:11 **** Incremental Build of configuration Nios II for project usb_kb ****
make all 
Info: Building ../usb_kb_bsp/
make --no-print-directory -C ../usb_kb_bsp/
[BSP build complete]
[usb_kb build complete]
14:34:29 **** Incremental Build of configuration Nios II for project usb_kb ****
make all 
Info: Building ../usb_kb_bsp/
make --no-print-directory -C ../usb_kb_bsp/
[BSP build complete]
[usb_kb build complete]
01:01:02 **** Incremental Build of configuration Nios II for project usb_kb ****
make all 
Info: Building ../usb_kb_bsp/
make --no-print-directory -C ../usb_kb_bsp/
[BSP build complete]
[usb_kb build complete]
01:01:02 **** Incremental Build of configuration Nios II for project usb_kb_bsp ****
make all 
[BSP build complete]
01:01:10 **** Incremental Build of configuration Nios II for project usb_kb ****
make all 
Info: Building ../usb_kb_bsp/
make --no-print-directory -C ../usb_kb_bsp/
[BSP build complete]
[usb_kb build complete]
