PowerPlay Power Analyzer report for lab8
Wed Nov 23 21:44:18 2016
Quartus II 64-Bit Version 15.0.0 Build 145 04/22/2015 SJ Full Version


---------------------
; Table of Contents ;
---------------------
  1. Legal Notice
  2. PowerPlay Power Analyzer Summary
  3. PowerPlay Power Analyzer Settings
  4. PowerPlay Power Analyzer Messages



----------------
; Legal Notice ;
----------------
Copyright (C) 1991-2015 Altera Corporation. All rights reserved.
Your use of Altera Corporation's design tools, logic functions 
and other software and tools, and its AMPP partner logic 
functions, and any output files from any of the foregoing 
(including device programming or simulation files), and any 
associated documentation or information are expressly subject 
to the terms and conditions of the Altera Program License 
Subscription Agreement, the Altera Quartus II License Agreement,
the Altera MegaCore Function License Agreement, or other 
applicable license agreement, including, without limitation, 
that your use is for the sole purpose of programming logic 
devices manufactured by Altera and sold by Altera or its 
authorized distributors.  Please refer to the applicable 
agreement for further details.



+-------------------------------------------------------------------------------+
; PowerPlay Power Analyzer Summary                                              ;
+---------------------------------+---------------------------------------------+
; PowerPlay Power Analyzer Status ; Failed - Wed Nov 23 21:44:18 2016           ;
; Quartus II 64-Bit Version       ; 15.0.0 Build 145 04/22/2015 SJ Full Version ;
; Revision Name                   ; lab8                                        ;
; Top-level Entity Name           ; lab8                                        ;
; Family                          ; Cyclone IV E                                ;
; Device                          ; EP4CE115F29C7                               ;
+---------------------------------+---------------------------------------------+


+---------------------------------------------------------------+
; PowerPlay Power Analyzer Settings                             ;
+-------------------------------------+---------+---------------+
; Option                              ; Setting ; Default Value ;
+-------------------------------------+---------+---------------+
; Default Power Input I/O Toggle Rate ; 12.5%   ;               ;
; Default Power Toggle Rate           ; 12.5%   ;               ;
; Use vectorless estimation           ; On      ;               ;
+-------------------------------------+---------+---------------+


+-----------------------------------+
; PowerPlay Power Analyzer Messages ;
+-----------------------------------+
Info: *******************************************************************
Info: Running Quartus II 64-Bit PowerPlay Power Analyzer
    Info: Version 15.0.0 Build 145 04/22/2015 SJ Full Version
    Info: Processing started: Wed Nov 23 21:44:17 2016
Info: Command: quartus_pow --read_settings_files=off --write_settings_files=off lab8 -c lab8
Error (215039): PowerPlay Power Analyzer (quartus_pow) cannot be run.  It requires a successful run of the Assembler.  The Assembler (quartus_asm) failed or was not run.
Error: Quartus II 64-Bit PowerPlay Power Analyzer was unsuccessful. 1 error, 0 warnings
    Error: Peak virtual memory: 768 megabytes
    Error: Processing ended: Wed Nov 23 21:44:18 2016
    Error: Elapsed time: 00:00:01
    Error: Total CPU time (on all processors): 00:00:01


