Analysis & Synthesis report for lab8
Sat Oct 15 09:33:10 2016
Quartus II 64-Bit Version 15.0.0 Build 145 04/22/2015 SJ Web Edition


---------------------
; Table of Contents ;
---------------------
  1. Legal Notice
  2. Analysis & Synthesis Summary
  3. Analysis & Synthesis Settings
  4. Parallel Compilation
  5. Analysis & Synthesis Messages
  6. Analysis & Synthesis Suppressed Messages



----------------
; Legal Notice ;
----------------
Copyright (C) 1991-2015 Altera Corporation. All rights reserved.
Your use of Altera Corporation's design tools, logic functions 
and other software and tools, and its AMPP partner logic 
functions, and any output files from any of the foregoing 
(including device programming or simulation files), and any 
associated documentation or information are expressly subject 
to the terms and conditions of the Altera Program License 
Subscription Agreement, the Altera Quartus II License Agreement,
the Altera MegaCore Function License Agreement, or other 
applicable license agreement, including, without limitation, 
that your use is for the sole purpose of programming logic 
devices manufactured by Altera and sold by Altera or its 
authorized distributors.  Please refer to the applicable 
agreement for further details.



+---------------------------------------------------------------------------------+
; Analysis & Synthesis Summary                                                    ;
+------------------------------------+--------------------------------------------+
; Analysis & Synthesis Status        ; Failed - Sat Oct 15 09:33:10 2016          ;
; Quartus II 64-Bit Version          ; 15.0.0 Build 145 04/22/2015 SJ Web Edition ;
; Revision Name                      ; lab8                                       ;
; Top-level Entity Name              ; lab8                                       ;
; Family                             ; Cyclone IV E                               ;
; Total logic elements               ; N/A until Partition Merge                  ;
;     Total combinational functions  ; N/A until Partition Merge                  ;
;     Dedicated logic registers      ; N/A until Partition Merge                  ;
; Total registers                    ; N/A until Partition Merge                  ;
; Total pins                         ; N/A until Partition Merge                  ;
; Total virtual pins                 ; N/A until Partition Merge                  ;
; Total memory bits                  ; N/A until Partition Merge                  ;
; Embedded Multiplier 9-bit elements ; N/A until Partition Merge                  ;
; Total PLLs                         ; N/A until Partition Merge                  ;
+------------------------------------+--------------------------------------------+


+----------------------------------------------------------------------------------------------------------------------+
; Analysis & Synthesis Settings                                                                                        ;
+----------------------------------------------------------------------------+--------------------+--------------------+
; Option                                                                     ; Setting            ; Default Value      ;
+----------------------------------------------------------------------------+--------------------+--------------------+
; Device                                                                     ; EP4CE115F29C7      ;                    ;
; Top-level entity name                                                      ; lab8               ; lab8               ;
; Family name                                                                ; Cyclone IV E       ; Cyclone V          ;
; Use smart compilation                                                      ; Off                ; Off                ;
; Enable parallel Assembler and TimeQuest Timing Analyzer during compilation ; On                 ; On                 ;
; Enable compact report table                                                ; Off                ; Off                ;
; Restructure Multiplexers                                                   ; Auto               ; Auto               ;
; Create Debugging Nodes for IP Cores                                        ; Off                ; Off                ;
; Preserve fewer node names                                                  ; On                 ; On                 ;
; Disable OpenCore Plus hardware evaluation                                  ; Off                ; Off                ;
; Verilog Version                                                            ; Verilog_2001       ; Verilog_2001       ;
; VHDL Version                                                               ; VHDL_1993          ; VHDL_1993          ;
; State Machine Processing                                                   ; Auto               ; Auto               ;
; Safe State Machine                                                         ; Off                ; Off                ;
; Extract Verilog State Machines                                             ; On                 ; On                 ;
; Extract VHDL State Machines                                                ; On                 ; On                 ;
; Ignore Verilog initial constructs                                          ; Off                ; Off                ;
; Iteration limit for constant Verilog loops                                 ; 5000               ; 5000               ;
; Iteration limit for non-constant Verilog loops                             ; 250                ; 250                ;
; Add Pass-Through Logic to Inferred RAMs                                    ; On                 ; On                 ;
; Infer RAMs from Raw Logic                                                  ; On                 ; On                 ;
; Parallel Synthesis                                                         ; On                 ; On                 ;
; DSP Block Balancing                                                        ; Auto               ; Auto               ;
; NOT Gate Push-Back                                                         ; On                 ; On                 ;
; Power-Up Don't Care                                                        ; On                 ; On                 ;
; Remove Redundant Logic Cells                                               ; Off                ; Off                ;
; Remove Duplicate Registers                                                 ; On                 ; On                 ;
; Ignore CARRY Buffers                                                       ; Off                ; Off                ;
; Ignore CASCADE Buffers                                                     ; Off                ; Off                ;
; Ignore GLOBAL Buffers                                                      ; Off                ; Off                ;
; Ignore ROW GLOBAL Buffers                                                  ; Off                ; Off                ;
; Ignore LCELL Buffers                                                       ; Off                ; Off                ;
; Ignore SOFT Buffers                                                        ; On                 ; On                 ;
; Limit AHDL Integers to 32 Bits                                             ; Off                ; Off                ;
; Optimization Technique                                                     ; Balanced           ; Balanced           ;
; Carry Chain Length                                                         ; 70                 ; 70                 ;
; Auto Carry Chains                                                          ; On                 ; On                 ;
; Auto Open-Drain Pins                                                       ; On                 ; On                 ;
; Perform WYSIWYG Primitive Resynthesis                                      ; Off                ; Off                ;
; Auto ROM Replacement                                                       ; On                 ; On                 ;
; Auto RAM Replacement                                                       ; On                 ; On                 ;
; Auto DSP Block Replacement                                                 ; On                 ; On                 ;
; Auto Shift Register Replacement                                            ; Auto               ; Auto               ;
; Allow Shift Register Merging across Hierarchies                            ; Auto               ; Auto               ;
; Auto Clock Enable Replacement                                              ; On                 ; On                 ;
; Strict RAM Replacement                                                     ; Off                ; Off                ;
; Allow Synchronous Control Signals                                          ; On                 ; On                 ;
; Force Use of Synchronous Clear Signals                                     ; Off                ; Off                ;
; Auto RAM Block Balancing                                                   ; On                 ; On                 ;
; Auto RAM to Logic Cell Conversion                                          ; Off                ; Off                ;
; Auto Resource Sharing                                                      ; Off                ; Off                ;
; Allow Any RAM Size For Recognition                                         ; Off                ; Off                ;
; Allow Any ROM Size For Recognition                                         ; Off                ; Off                ;
; Allow Any Shift Register Size For Recognition                              ; Off                ; Off                ;
; Use LogicLock Constraints during Resource Balancing                        ; On                 ; On                 ;
; Ignore translate_off and synthesis_off directives                          ; Off                ; Off                ;
; Timing-Driven Synthesis                                                    ; On                 ; On                 ;
; Report Parameter Settings                                                  ; On                 ; On                 ;
; Report Source Assignments                                                  ; On                 ; On                 ;
; Report Connectivity Checks                                                 ; On                 ; On                 ;
; Ignore Maximum Fan-Out Assignments                                         ; Off                ; Off                ;
; Synchronization Register Chain Length                                      ; 2                  ; 2                  ;
; PowerPlay Power Optimization During Synthesis                              ; Normal compilation ; Normal compilation ;
; HDL message level                                                          ; Level2             ; Level2             ;
; Suppress Register Optimization Related Messages                            ; Off                ; Off                ;
; Number of Removed Registers Reported in Synthesis Report                   ; 5000               ; 5000               ;
; Number of Swept Nodes Reported in Synthesis Report                         ; 5000               ; 5000               ;
; Number of Inverted Registers Reported in Synthesis Report                  ; 100                ; 100                ;
; Clock MUX Protection                                                       ; On                 ; On                 ;
; Auto Gated Clock Conversion                                                ; Off                ; Off                ;
; Block Design Naming                                                        ; Auto               ; Auto               ;
; SDC constraint protection                                                  ; Off                ; Off                ;
; Synthesis Effort                                                           ; Auto               ; Auto               ;
; Shift Register Replacement - Allow Asynchronous Clear Signal               ; On                 ; On                 ;
; Pre-Mapping Resynthesis Optimization                                       ; Off                ; Off                ;
; Analysis & Synthesis Message Level                                         ; Medium             ; Medium             ;
; Disable Register Merging Across Hierarchies                                ; Auto               ; Auto               ;
; Resource Aware Inference For Block RAM                                     ; On                 ; On                 ;
; Synthesis Seed                                                             ; 1                  ; 1                  ;
+----------------------------------------------------------------------------+--------------------+--------------------+


Parallel compilation was disabled, but you have multiple processors available. Enable parallel compilation to reduce compilation time.
+-------------------------------------+
; Parallel Compilation                ;
+----------------------------+--------+
; Processors                 ; Number ;
+----------------------------+--------+
; Number detected on machine ; 8      ;
; Maximum allowed            ; 1      ;
+----------------------------+--------+


+-------------------------------+
; Analysis & Synthesis Messages ;
+-------------------------------+
Info: *******************************************************************
Info: Running Quartus II 64-Bit Analysis & Synthesis
    Info: Version 15.0.0 Build 145 04/22/2015 SJ Web Edition
    Info: Processing started: Sat Oct 15 09:33:01 2016
Info: Command: quartus_map --read_settings_files=on --write_settings_files=off lab8 -c lab8
Warning (20028): Parallel compilation is not licensed and has been disabled
Info (12021): Found 1 design units, including 1 entities, in source file lab08_soc/synthesis/lab08_soc.v
    Info (12023): Found entity 1: Lab08_soc
Info (12021): Found 1 design units, including 1 entities, in source file lab08_soc/synthesis/submodules/altera_reset_controller.v
    Info (12023): Found entity 1: altera_reset_controller
Info (12021): Found 1 design units, including 1 entities, in source file lab08_soc/synthesis/submodules/altera_reset_synchronizer.v
    Info (12023): Found entity 1: altera_reset_synchronizer
Info (12021): Found 1 design units, including 1 entities, in source file lab08_soc/synthesis/submodules/lab08_soc_irq_mapper.sv
    Info (12023): Found entity 1: Lab08_soc_irq_mapper
Info (12021): Found 1 design units, including 1 entities, in source file lab08_soc/synthesis/submodules/lab08_soc_mm_interconnect_0.v
    Info (12023): Found entity 1: Lab08_soc_mm_interconnect_0
Info (12021): Found 1 design units, including 1 entities, in source file lab08_soc/synthesis/submodules/lab08_soc_mm_interconnect_0_avalon_st_adapter_005.v
    Info (12023): Found entity 1: Lab08_soc_mm_interconnect_0_avalon_st_adapter_005
Info (12021): Found 1 design units, including 1 entities, in source file lab08_soc/synthesis/submodules/lab08_soc_mm_interconnect_0_avalon_st_adapter_005_error_adapter_0.sv
    Info (12023): Found entity 1: Lab08_soc_mm_interconnect_0_avalon_st_adapter_005_error_adapter_0
Info (12021): Found 1 design units, including 1 entities, in source file lab08_soc/synthesis/submodules/lab08_soc_mm_interconnect_0_avalon_st_adapter.v
    Info (12023): Found entity 1: Lab08_soc_mm_interconnect_0_avalon_st_adapter
Info (12021): Found 1 design units, including 1 entities, in source file lab08_soc/synthesis/submodules/lab08_soc_mm_interconnect_0_avalon_st_adapter_error_adapter_0.sv
    Info (12023): Found entity 1: Lab08_soc_mm_interconnect_0_avalon_st_adapter_error_adapter_0
Info (12021): Found 1 design units, including 1 entities, in source file lab08_soc/synthesis/submodules/altera_avalon_st_handshake_clock_crosser.v
    Info (12023): Found entity 1: altera_avalon_st_handshake_clock_crosser
Info (12021): Found 1 design units, including 1 entities, in source file lab08_soc/synthesis/submodules/altera_avalon_st_clock_crosser.v
    Info (12023): Found entity 1: altera_avalon_st_clock_crosser
Info (12021): Found 1 design units, including 1 entities, in source file lab08_soc/synthesis/submodules/altera_avalon_st_pipeline_base.v
    Info (12023): Found entity 1: altera_avalon_st_pipeline_base
Info (12021): Found 1 design units, including 1 entities, in source file lab08_soc/synthesis/submodules/altera_merlin_width_adapter.sv
    Info (12023): Found entity 1: altera_merlin_width_adapter
Info (12021): Found 1 design units, including 1 entities, in source file lab08_soc/synthesis/submodules/altera_merlin_address_alignment.sv
    Info (12023): Found entity 1: altera_merlin_address_alignment
Info (12021): Found 1 design units, including 1 entities, in source file lab08_soc/synthesis/submodules/altera_merlin_burst_uncompressor.sv
    Info (12023): Found entity 1: altera_merlin_burst_uncompressor
Info (12021): Found 2 design units, including 2 entities, in source file lab08_soc/synthesis/submodules/altera_merlin_arbitrator.sv
    Info (12023): Found entity 1: altera_merlin_arbitrator
    Info (12023): Found entity 2: altera_merlin_arb_adder
Info (12021): Found 1 design units, including 1 entities, in source file lab08_soc/synthesis/submodules/lab08_soc_mm_interconnect_0_rsp_mux_001.sv
    Info (12023): Found entity 1: Lab08_soc_mm_interconnect_0_rsp_mux_001
Info (12021): Found 1 design units, including 1 entities, in source file lab08_soc/synthesis/submodules/lab08_soc_mm_interconnect_0_rsp_mux.sv
    Info (12023): Found entity 1: Lab08_soc_mm_interconnect_0_rsp_mux
Info (12021): Found 1 design units, including 1 entities, in source file lab08_soc/synthesis/submodules/lab08_soc_mm_interconnect_0_rsp_demux_001.sv
    Info (12023): Found entity 1: Lab08_soc_mm_interconnect_0_rsp_demux_001
Info (12021): Found 1 design units, including 1 entities, in source file lab08_soc/synthesis/submodules/lab08_soc_mm_interconnect_0_rsp_demux.sv
    Info (12023): Found entity 1: Lab08_soc_mm_interconnect_0_rsp_demux
Info (12021): Found 1 design units, including 1 entities, in source file lab08_soc/synthesis/submodules/lab08_soc_mm_interconnect_0_cmd_mux_001.sv
    Info (12023): Found entity 1: Lab08_soc_mm_interconnect_0_cmd_mux_001
Info (12021): Found 1 design units, including 1 entities, in source file lab08_soc/synthesis/submodules/lab08_soc_mm_interconnect_0_cmd_mux.sv
    Info (12023): Found entity 1: Lab08_soc_mm_interconnect_0_cmd_mux
Info (12021): Found 1 design units, including 1 entities, in source file lab08_soc/synthesis/submodules/lab08_soc_mm_interconnect_0_cmd_demux_001.sv
    Info (12023): Found entity 1: Lab08_soc_mm_interconnect_0_cmd_demux_001
Info (12021): Found 1 design units, including 1 entities, in source file lab08_soc/synthesis/submodules/lab08_soc_mm_interconnect_0_cmd_demux.sv
    Info (12023): Found entity 1: Lab08_soc_mm_interconnect_0_cmd_demux
Info (12021): Found 1 design units, including 1 entities, in source file lab08_soc/synthesis/submodules/altera_merlin_burst_adapter.sv
    Info (12023): Found entity 1: altera_merlin_burst_adapter
Info (12021): Found 1 design units, including 1 entities, in source file lab08_soc/synthesis/submodules/altera_merlin_burst_adapter_uncmpr.sv
    Info (12023): Found entity 1: altera_merlin_burst_adapter_uncompressed_only
Info (12021): Found 5 design units, including 5 entities, in source file lab08_soc/synthesis/submodules/altera_merlin_burst_adapter_13_1.sv
    Info (12023): Found entity 1: altera_merlin_burst_adapter_burstwrap_increment
    Info (12023): Found entity 2: altera_merlin_burst_adapter_adder
    Info (12023): Found entity 3: altera_merlin_burst_adapter_subtractor
    Info (12023): Found entity 4: altera_merlin_burst_adapter_min
    Info (12023): Found entity 5: altera_merlin_burst_adapter_13_1
Info (12021): Found 1 design units, including 1 entities, in source file lab08_soc/synthesis/submodules/altera_merlin_burst_adapter_new.sv
    Info (12023): Found entity 1: altera_merlin_burst_adapter_new
Info (12021): Found 1 design units, including 1 entities, in source file lab08_soc/synthesis/submodules/altera_incr_burst_converter.sv
    Info (12023): Found entity 1: altera_incr_burst_converter
Info (12021): Found 1 design units, including 1 entities, in source file lab08_soc/synthesis/submodules/altera_wrap_burst_converter.sv
    Info (12023): Found entity 1: altera_wrap_burst_converter
Info (12021): Found 1 design units, including 1 entities, in source file lab08_soc/synthesis/submodules/altera_default_burst_converter.sv
    Info (12023): Found entity 1: altera_default_burst_converter
Info (12021): Found 1 design units, including 1 entities, in source file lab08_soc/synthesis/submodules/altera_avalon_st_pipeline_stage.sv
    Info (12023): Found entity 1: altera_avalon_st_pipeline_stage
Info (12021): Found 2 design units, including 2 entities, in source file lab08_soc/synthesis/submodules/lab08_soc_mm_interconnect_0_router_007.sv
    Info (12023): Found entity 1: Lab08_soc_mm_interconnect_0_router_007_default_decode
    Info (12023): Found entity 2: Lab08_soc_mm_interconnect_0_router_007
Info (12021): Found 2 design units, including 2 entities, in source file lab08_soc/synthesis/submodules/lab08_soc_mm_interconnect_0_router_003.sv
    Info (12023): Found entity 1: Lab08_soc_mm_interconnect_0_router_003_default_decode
    Info (12023): Found entity 2: Lab08_soc_mm_interconnect_0_router_003
Info (12021): Found 2 design units, including 2 entities, in source file lab08_soc/synthesis/submodules/lab08_soc_mm_interconnect_0_router_002.sv
    Info (12023): Found entity 1: Lab08_soc_mm_interconnect_0_router_002_default_decode
    Info (12023): Found entity 2: Lab08_soc_mm_interconnect_0_router_002
Info (12021): Found 2 design units, including 2 entities, in source file lab08_soc/synthesis/submodules/lab08_soc_mm_interconnect_0_router_001.sv
    Info (12023): Found entity 1: Lab08_soc_mm_interconnect_0_router_001_default_decode
    Info (12023): Found entity 2: Lab08_soc_mm_interconnect_0_router_001
Info (12021): Found 2 design units, including 2 entities, in source file lab08_soc/synthesis/submodules/lab08_soc_mm_interconnect_0_router.sv
    Info (12023): Found entity 1: Lab08_soc_mm_interconnect_0_router_default_decode
    Info (12023): Found entity 2: Lab08_soc_mm_interconnect_0_router
Info (12021): Found 1 design units, including 1 entities, in source file lab08_soc/synthesis/submodules/altera_avalon_sc_fifo.v
    Info (12023): Found entity 1: altera_avalon_sc_fifo
Info (12021): Found 1 design units, including 1 entities, in source file lab08_soc/synthesis/submodules/altera_merlin_slave_agent.sv
    Info (12023): Found entity 1: altera_merlin_slave_agent
Info (12021): Found 1 design units, including 1 entities, in source file lab08_soc/synthesis/submodules/altera_merlin_master_agent.sv
    Info (12023): Found entity 1: altera_merlin_master_agent
Info (12021): Found 1 design units, including 1 entities, in source file lab08_soc/synthesis/submodules/altera_merlin_slave_translator.sv
    Info (12023): Found entity 1: altera_merlin_slave_translator
Info (12021): Found 1 design units, including 1 entities, in source file lab08_soc/synthesis/submodules/altera_merlin_master_translator.sv
    Info (12023): Found entity 1: altera_merlin_master_translator
Info (12021): Found 1 design units, including 1 entities, in source file lab08_soc/synthesis/submodules/lab08_soc_sysid_qsys_0.v
    Info (12023): Found entity 1: Lab08_soc_sysid_qsys_0
Info (12021): Found 4 design units, including 4 entities, in source file lab08_soc/synthesis/submodules/lab08_soc_sdram_pll.v
    Info (12023): Found entity 1: Lab08_soc_sdram_pll_dffpipe_l2c
    Info (12023): Found entity 2: Lab08_soc_sdram_pll_stdsync_sv6
    Info (12023): Found entity 3: Lab08_soc_sdram_pll_altpll_lqa2
    Info (12023): Found entity 4: Lab08_soc_sdram_pll
Info (12021): Found 2 design units, including 2 entities, in source file lab08_soc/synthesis/submodules/lab08_soc_sdram.v
    Info (12023): Found entity 1: Lab08_soc_sdram_input_efifo_module
    Info (12023): Found entity 2: Lab08_soc_sdram
Info (12021): Found 1 design units, including 1 entities, in source file lab08_soc/synthesis/submodules/lab08_soc_otg_hpi_data.v
    Info (12023): Found entity 1: Lab08_soc_otg_hpi_data
Info (12021): Found 1 design units, including 1 entities, in source file lab08_soc/synthesis/submodules/lab08_soc_otg_hpi_cs.v
    Info (12023): Found entity 1: Lab08_soc_otg_hpi_cs
Info (12021): Found 1 design units, including 1 entities, in source file lab08_soc/synthesis/submodules/lab08_soc_otg_hpi_address.v
    Info (12023): Found entity 1: Lab08_soc_otg_hpi_address
Info (12021): Found 1 design units, including 1 entities, in source file lab08_soc/synthesis/submodules/lab08_soc_onchip_memory2_0.v
    Info (12023): Found entity 1: Lab08_soc_onchip_memory2_0
Info (12021): Found 21 design units, including 21 entities, in source file lab08_soc/synthesis/submodules/lab08_soc_nios2_qsys_0.v
    Info (12023): Found entity 1: Lab08_soc_nios2_qsys_0_register_bank_a_module
    Info (12023): Found entity 2: Lab08_soc_nios2_qsys_0_register_bank_b_module
    Info (12023): Found entity 3: Lab08_soc_nios2_qsys_0_nios2_oci_debug
    Info (12023): Found entity 4: Lab08_soc_nios2_qsys_0_ociram_sp_ram_module
    Info (12023): Found entity 5: Lab08_soc_nios2_qsys_0_nios2_ocimem
    Info (12023): Found entity 6: Lab08_soc_nios2_qsys_0_nios2_avalon_reg
    Info (12023): Found entity 7: Lab08_soc_nios2_qsys_0_nios2_oci_break
    Info (12023): Found entity 8: Lab08_soc_nios2_qsys_0_nios2_oci_xbrk
    Info (12023): Found entity 9: Lab08_soc_nios2_qsys_0_nios2_oci_dbrk
    Info (12023): Found entity 10: Lab08_soc_nios2_qsys_0_nios2_oci_itrace
    Info (12023): Found entity 11: Lab08_soc_nios2_qsys_0_nios2_oci_td_mode
    Info (12023): Found entity 12: Lab08_soc_nios2_qsys_0_nios2_oci_dtrace
    Info (12023): Found entity 13: Lab08_soc_nios2_qsys_0_nios2_oci_compute_input_tm_cnt
    Info (12023): Found entity 14: Lab08_soc_nios2_qsys_0_nios2_oci_fifo_wrptr_inc
    Info (12023): Found entity 15: Lab08_soc_nios2_qsys_0_nios2_oci_fifo_cnt_inc
    Info (12023): Found entity 16: Lab08_soc_nios2_qsys_0_nios2_oci_fifo
    Info (12023): Found entity 17: Lab08_soc_nios2_qsys_0_nios2_oci_pib
    Info (12023): Found entity 18: Lab08_soc_nios2_qsys_0_nios2_oci_im
    Info (12023): Found entity 19: Lab08_soc_nios2_qsys_0_nios2_performance_monitors
    Info (12023): Found entity 20: Lab08_soc_nios2_qsys_0_nios2_oci
    Info (12023): Found entity 21: Lab08_soc_nios2_qsys_0
Info (12021): Found 1 design units, including 1 entities, in source file lab08_soc/synthesis/submodules/lab08_soc_nios2_qsys_0_jtag_debug_module_sysclk.v
    Info (12023): Found entity 1: Lab08_soc_nios2_qsys_0_jtag_debug_module_sysclk
Info (12021): Found 1 design units, including 1 entities, in source file lab08_soc/synthesis/submodules/lab08_soc_nios2_qsys_0_jtag_debug_module_tck.v
    Info (12023): Found entity 1: Lab08_soc_nios2_qsys_0_jtag_debug_module_tck
Info (12021): Found 1 design units, including 1 entities, in source file lab08_soc/synthesis/submodules/lab08_soc_nios2_qsys_0_jtag_debug_module_wrapper.v
    Info (12023): Found entity 1: Lab08_soc_nios2_qsys_0_jtag_debug_module_wrapper
Info (12021): Found 1 design units, including 1 entities, in source file lab08_soc/synthesis/submodules/lab08_soc_nios2_qsys_0_oci_test_bench.v
    Info (12023): Found entity 1: Lab08_soc_nios2_qsys_0_oci_test_bench
Info (12021): Found 1 design units, including 1 entities, in source file lab08_soc/synthesis/submodules/lab08_soc_nios2_qsys_0_test_bench.v
    Info (12023): Found entity 1: Lab08_soc_nios2_qsys_0_test_bench
Info (12021): Found 1 design units, including 1 entities, in source file lab08_soc/synthesis/submodules/lab08_soc_keycode.v
    Info (12023): Found entity 1: Lab08_soc_keycode
Info (12021): Found 1 design units, including 1 entities, in source file lab08_soc/synthesis/submodules/lab08_soc_key.v
    Info (12023): Found entity 1: Lab08_soc_key
Info (12021): Found 5 design units, including 5 entities, in source file lab08_soc/synthesis/submodules/lab08_soc_jtag_uart_0.v
    Info (12023): Found entity 1: Lab08_soc_jtag_uart_0_sim_scfifo_w
    Info (12023): Found entity 2: Lab08_soc_jtag_uart_0_scfifo_w
    Info (12023): Found entity 3: Lab08_soc_jtag_uart_0_sim_scfifo_r
    Info (12023): Found entity 4: Lab08_soc_jtag_uart_0_scfifo_r
    Info (12023): Found entity 5: Lab08_soc_jtag_uart_0
Info (12021): Found 1 design units, including 1 entities, in source file vga_controller.sv
    Info (12023): Found entity 1: vga_controller
Info (12021): Found 1 design units, including 1 entities, in source file lab8.sv
    Info (12023): Found entity 1: lab8
Error (10170): Verilog HDL syntax error at hpi_io_intf.sv(15) near text "assign";  expecting an operand File: E:/School/University of Illinois/ECE 385/ECE_385/Lab08/hpi_io_intf.sv Line: 15
Info (12021): Found 0 design units, including 0 entities, in source file hpi_io_intf.sv
Info (12021): Found 1 design units, including 1 entities, in source file hexdriver.sv
    Info (12023): Found entity 1: HexDriver
Info (12021): Found 1 design units, including 1 entities, in source file color_mapper.sv
    Info (12023): Found entity 1: color_mapper
Info (12021): Found 1 design units, including 1 entities, in source file ball.sv
    Info (12023): Found entity 1: ball
Info (144001): Generated suppressed messages file E:/School/University of Illinois/ECE 385/ECE_385/Lab08/lab8.map.smsg
Error: Quartus II 64-Bit Analysis & Synthesis was unsuccessful. 1 error, 1 warning
    Error: Peak virtual memory: 679 megabytes
    Error: Processing ended: Sat Oct 15 09:33:11 2016
    Error: Elapsed time: 00:00:10
    Error: Total CPU time (on all processors): 00:00:25


+------------------------------------------+
; Analysis & Synthesis Suppressed Messages ;
+------------------------------------------+
The suppressed messages can be found in E:/School/University of Illinois/ECE 385/ECE_385/Lab08/lab8.map.smsg.


