09:36:03 **** Incremental Build of configuration Nios II for project lab9_aes ****
make all 
Info: Building ../lab9_aes_bsp/
C:/altera/16.0/nios2eds/bin/gnu/H-x86_64-mingw32/bin/make --no-print-directory -C ../lab9_aes_bsp/
[BSP build complete]
Info: Compiling hello_world.c to obj/default/hello_world.o
nios2-elf-gcc -xc -MP -MMD -c -I../lab9_aes_bsp//HAL/inc -I../lab9_aes_bsp/ -I../lab9_aes_bsp//drivers/inc  -pipe -D__hal__ -DALT_NO_INSTRUCTION_EMULATION -DALT_SINGLE_THREADED    -O0 -g -Wall   -mno-hw-div -mno-hw-mul -mno-hw-mulx  -o obj/default/hello_world.o hello_world.c
hello_world.c:26:32: warning: missing braces around initializer [-Wmissing-braces]
 const uchar aes_sbox[16][16] = {
                                ^
hello_world.c:26:32: note: (near initialization for 'aes_sbox')
hello_world.c:45:35: warning: missing braces around initializer [-Wmissing-braces]
 const uchar aes_invsbox[16][16] = {
                                   ^
hello_world.c:45:35: note: (near initialization for 'aes_invsbox')
Info: Linking lab9_aes.elf
nios2-elf-g++  -T'../lab9_aes_bsp//linker.x' -msys-crt0='../lab9_aes_bsp//obj/HAL/src/crt0.o' -msys-lib=hal_bsp -L../lab9_aes_bsp/   -Wl,-Map=lab9_aes.map   -O0 -g -Wall   -mno-hw-div -mno-hw-mul -mno-hw-mulx  -o lab9_aes.elf obj/default/aes.o obj/default/hello_world.o -lm -msys-lib=m
nios2-elf-insert lab9_aes.elf --thread_model hal --cpu_name nios2_qsys_0 --qsys true --simulation_enabled false --id 0 --sidp 0xa8 --timestamp 1477404561 --stderr_dev jtag_uart_0 --stdin_dev jtag_uart_0 --stdout_dev jtag_uart_0 --sopc_system_name nios_system --quartus_project_dir "C:/Users/zgleaso2/Downloads/ECE_385-master/Lab09" --jdi ../..//output_files/lab9.jdi --sopcinfo C:/Users/zgleaso2/Downloads/ECE_385-master/Lab09/software/lab9_aes_bsp/../../nios_system.sopcinfo
Info: (lab9_aes.elf) 77 KBytes program size (code + initialized data).
Info:                130985 KBytes free for stack + heap.
Info: Creating lab9_aes.objdump
nios2-elf-objdump --disassemble --syms --all-header --source lab9_aes.elf >lab9_aes.objdump
[lab9_aes build complete]

09:36:04 Build Finished (took 1s.872ms)

